<?xml version="1.0" encoding="UTF-8"?>
<!-- Generated by org.testng.reporters.JUnitReportReporter -->
<testsuite skipped="0" hostname="KENAN" name="main.test1" tests="1" failures="0" timestamp="23 Jul 2018 09:15:57 GMT" time="7.983" errors="0">
  <testcase name="searchTest" time="7.983" classname="main.test1"/>
</testsuite> <!-- main.test1 -->
